2024-09-26 15:10:31,617 user_authentication.views INFO     User : john_doe
2024-09-26 15:10:31,618 user_authentication.views INFO     Valid User
2024-09-26 15:10:32,563 user_authentication.views INFO     Serializer Data : {'refresh': 'eyJhbGciOiJIUzI1NiIsInR5cCI6IkpXVCJ9.eyJ0b2tlbl90eXBlIjoicmVmcmVzaCIsImV4cCI6MTcyNzM0Mzc1MiwiaWF0IjoxNzI3MzQzNjMyLCJqdGkiOiJjMzZhZDdjZmM4ODA0YjZiYWY0MDJjMjE1YTNmZWYyOCIsInVzZXJfaWQiOjF9.xz80ulG6i7EFqAwQ1v9FWNnUiPV7fO4OfK_51_9Eitg', 'access': 'eyJhbGciOiJIUzI1NiIsInR5cCI6IkpXVCJ9.eyJ0b2tlbl90eXBlIjoiYWNjZXNzIiwiZXhwIjoxNzI3MzQzOTMyLCJpYXQiOjE3MjczNDM2MzIsImp0aSI6IjhhODRkY2ZlZTYxNjQwMjE4MTdhYjgyMzhmNTZlYTFjIiwidXNlcl9pZCI6MX0.wPvgkIuzavxwiPbonD6ttZ4poTcQGS2VdN9Cp1zC7GM', 'username': 'john_doe', 'id': 1} 
2024-09-26 15:10:32,573 user_authentication.views INFO     User Details Data : {'user_details_id': 1, 'username': 'john_doe', 'user_full_name': 'John Doe', 'first_name': 'John', 'last_name': 'Doe', 'email': 'john.doe@example.com', 'created_by': None, 'created_on': '2024-09-26T08:40:01.776040Z', 'updated_by': None, 'updated_on': '2024-09-26T08:40:01.776040Z', 'phone': '1234567890', 'user': 1}
2024-09-26 16:40:24,160 user_authentication.views INFO     User : john_doe
2024-09-26 16:40:24,264 user_authentication.views INFO     Valid User
2024-09-26 16:40:25,835 user_authentication.views INFO     Serializer Data : {'refresh': 'eyJhbGciOiJIUzI1NiIsInR5cCI6IkpXVCJ9.eyJ0b2tlbl90eXBlIjoicmVmcmVzaCIsImV4cCI6MTcyNzM0OTE0NSwiaWF0IjoxNzI3MzQ5MDI1LCJqdGkiOiI2Y2I5ZjhmZDdlOTE0ODNiYjJkZjA5MzM4NWQ2MmVhZiIsInVzZXJfaWQiOjF9.sZtFZ24PEGFqOAXPpLgc_TBSBP1hqQfMcAJLz0q5lI4', 'access': 'eyJhbGciOiJIUzI1NiIsInR5cCI6IkpXVCJ9.eyJ0b2tlbl90eXBlIjoiYWNjZXNzIiwiZXhwIjoxNzI3MzQ5MzI1LCJpYXQiOjE3MjczNDkwMjUsImp0aSI6IjMwMmI3M2E0MTk1ZTQyYmJiMDUwYzM0MzFkMmFiNmZhIiwidXNlcl9pZCI6MX0.8iT54AOit2sRtcqcCYtZc4A4OeAo2THbmY-JNZABKWc', 'username': 'john_doe', 'id': 1} 
2024-09-26 16:40:25,851 user_authentication.views INFO     User Details Data : {'user_details_id': 1, 'username': 'john_doe', 'user_full_name': 'John Doe', 'first_name': 'John', 'last_name': 'Doe', 'email': 'john.doe@example.com', 'created_by': None, 'created_on': '2024-09-26T08:40:01.776040Z', 'updated_by': None, 'updated_on': '2024-09-26T08:40:01.776040Z', 'phone': '1234567890', 'user': 1}
2024-09-26 16:41:38,677 user_authentication.views INFO     User Create Request Data : {'username': 'john_doe', 'password': 'strongpassword123', 'confirm_password': 'strongpassword123', 'email': 'john.doe@example.com', 'first_name': 'John', 'last_name': 'Doe', 'phone': '1234567890'}
2024-09-26 16:41:38,686 user_authentication.views INFO     Serializer Error : {'non_field_errors': [ErrorDetail(string='User already exists', code='invalid')]}
2024-09-26 16:41:41,418 user_authentication.views INFO     User Create Request Data : {'username': 'john_doe', 'password': 'strongpassword123', 'confirm_password': 'strongpassword123', 'email': 'john.doe@example.com', 'first_name': 'John', 'last_name': 'Doe', 'phone': '1234567890'}
2024-09-26 16:41:41,423 user_authentication.views INFO     Serializer Error : {'non_field_errors': [ErrorDetail(string='User already exists', code='invalid')]}
2024-09-26 16:58:02,418 user_authentication.views INFO     User : john_doe
2024-09-26 16:58:02,420 user_authentication.views INFO     Valid User
2024-09-26 16:58:03,775 user_authentication.views INFO     Serializer Data : {'refresh': 'eyJhbGciOiJIUzI1NiIsInR5cCI6IkpXVCJ9.eyJ0b2tlbl90eXBlIjoicmVmcmVzaCIsImV4cCI6MTcyNzM1MDIwMywiaWF0IjoxNzI3MzUwMDgzLCJqdGkiOiIzZDU5NGM2NzhkODA0Zjg2OGY4MWExYjQ2MTMzMmQ5ZiIsInVzZXJfaWQiOjF9.hsKGE35kQrJtwN12Hl1H4s9nOCRa45hLxqF5z8Vg6Cw', 'access': 'eyJhbGciOiJIUzI1NiIsInR5cCI6IkpXVCJ9.eyJ0b2tlbl90eXBlIjoiYWNjZXNzIiwiZXhwIjoxNzI3MzUwMzgzLCJpYXQiOjE3MjczNTAwODMsImp0aSI6ImE4NWUyYWJkNjYzMjRjYzNiZWY1MjkxYzVlNDg2MjMxIiwidXNlcl9pZCI6MX0.yffCBfVC0I6r3dPoNLxT6FXwIa88ULBUbTemqw2oT4g', 'username': 'john_doe', 'id': 1} 
2024-09-26 16:58:03,794 user_authentication.views INFO     User Details Data : {'user_details_id': 1, 'username': 'john_doe', 'user_full_name': 'John Doe', 'first_name': 'John', 'last_name': 'Doe', 'email': 'john.doe@example.com', 'created_by': None, 'created_on': '2024-09-26T08:40:01.776040Z', 'updated_by': None, 'updated_on': '2024-09-26T08:40:01.776040Z', 'phone': '1234567890', 'user': 1}
2024-09-26 16:58:44,292 user_authentication.views INFO     User : john_doe
2024-09-26 16:58:44,294 user_authentication.views INFO     Valid User
2024-09-26 16:58:45,347 user_authentication.views INFO     Serializer Data : {'refresh': 'eyJhbGciOiJIUzI1NiIsInR5cCI6IkpXVCJ9.eyJ0b2tlbl90eXBlIjoicmVmcmVzaCIsImV4cCI6MTcyNzM1MDI0NSwiaWF0IjoxNzI3MzUwMTI1LCJqdGkiOiIwMWUxYzIwZDhjNTk0ZGE4YmUyZTcwZjU4ZTdkM2RlZCIsInVzZXJfaWQiOjF9.PPysXlDJ-BmoC2h651JDKu_8JW_i6PlaUymVLr6hRFY', 'access': 'eyJhbGciOiJIUzI1NiIsInR5cCI6IkpXVCJ9.eyJ0b2tlbl90eXBlIjoiYWNjZXNzIiwiZXhwIjoxNzI3MzUwNDI1LCJpYXQiOjE3MjczNTAxMjUsImp0aSI6IjNiNjQ2NzBiMDk3MTQxY2Q5MmZjYmVhZWU1NmMzMjk4IiwidXNlcl9pZCI6MX0.iFzUevEovLxdz84QxZ9Izn7xI1Tvyz0bZ_5zl0duuTQ', 'username': 'john_doe', 'id': 1} 
2024-09-26 16:58:45,353 user_authentication.views INFO     User Details Data : {'user_details_id': 1, 'username': 'john_doe', 'user_full_name': 'John Doe', 'first_name': 'John', 'last_name': 'Doe', 'email': 'john.doe@example.com', 'created_by': None, 'created_on': '2024-09-26T08:40:01.776040Z', 'updated_by': None, 'updated_on': '2024-09-26T08:40:01.776040Z', 'phone': '1234567890', 'user': 1}
2024-09-26 16:58:59,571 user_authentication.views INFO     User : john_doe
2024-09-26 16:58:59,572 user_authentication.views INFO     Valid User
2024-09-26 16:59:00,583 user_authentication.views INFO     Serializer Data : {'refresh': 'eyJhbGciOiJIUzI1NiIsInR5cCI6IkpXVCJ9.eyJ0b2tlbl90eXBlIjoicmVmcmVzaCIsImV4cCI6MTcyNzM1MDI2MCwiaWF0IjoxNzI3MzUwMTQwLCJqdGkiOiJkNTYwMDExMjI5MWE0ZGE3YTQ2M2IxZTEwN2I3YzI0NCIsInVzZXJfaWQiOjF9.S67RNzJHqTLnkmZA4UddiXY7p00CsHcxHlPwAialhgI', 'access': 'eyJhbGciOiJIUzI1NiIsInR5cCI6IkpXVCJ9.eyJ0b2tlbl90eXBlIjoiYWNjZXNzIiwiZXhwIjoxNzI3MzUwNDQwLCJpYXQiOjE3MjczNTAxNDAsImp0aSI6ImE5YzAwMzMzZWJmNjRiOTE5NjliMDM3MzBjZmJmYjcwIiwidXNlcl9pZCI6MX0.SmI2JDPF7CStydCyQSXL8j7rl9PDkTGBH9GM2_R_o3c', 'username': 'john_doe', 'id': 1} 
2024-09-26 16:59:00,590 user_authentication.views INFO     User Details Data : {'user_details_id': 1, 'username': 'john_doe', 'user_full_name': 'John Doe', 'first_name': 'John', 'last_name': 'Doe', 'email': 'john.doe@example.com', 'created_by': None, 'created_on': '2024-09-26T08:40:01.776040Z', 'updated_by': None, 'updated_on': '2024-09-26T08:40:01.776040Z', 'phone': '1234567890', 'user': 1}
2024-09-26 17:05:43,383 user_authentication.views INFO     User : john_doe
2024-09-26 17:05:43,384 user_authentication.views INFO     Valid User
2024-09-26 17:05:44,364 user_authentication.views INFO     Serializer Data : {'refresh': 'eyJhbGciOiJIUzI1NiIsInR5cCI6IkpXVCJ9.eyJ0b2tlbl90eXBlIjoicmVmcmVzaCIsImV4cCI6MTcyNzM1MDY2NCwiaWF0IjoxNzI3MzUwNTQ0LCJqdGkiOiI0ZGZiYTIyZWFhYjQ0YjdjYTBhMjNmOTJkNTFmMGIwNSIsInVzZXJfaWQiOjF9.jfWKyJWTOs_aCYt2CKeOpLvyEcrKewbIDR8IVK0dPbM', 'access': 'eyJhbGciOiJIUzI1NiIsInR5cCI6IkpXVCJ9.eyJ0b2tlbl90eXBlIjoiYWNjZXNzIiwiZXhwIjoxNzI3MzUwODQ0LCJpYXQiOjE3MjczNTA1NDQsImp0aSI6ImY4MGQ1NzE3MWNhMzQ5NzNhZTg1ZjJiNzExNTRmNDU5IiwidXNlcl9pZCI6MX0.sELQbXsfgSqsIQNFA57P6VhIxnjrAHT0AljcYDo8vrI', 'username': 'john_doe', 'id': 1} 
2024-09-26 17:05:44,371 user_authentication.views INFO     User Details Data : {'user_details_id': 1, 'username': 'john_doe', 'user_full_name': 'John Doe', 'first_name': 'John', 'last_name': 'Doe', 'email': 'john.doe@example.com', 'created_by': None, 'created_on': '2024-09-26T08:40:01.776040Z', 'updated_by': None, 'updated_on': '2024-09-26T08:40:01.776040Z', 'phone': '1234567890', 'user': 1}
2024-09-26 17:11:30,631 user_authentication.views INFO     User : john_doe
2024-09-26 17:11:30,632 user_authentication.views INFO     Valid User
2024-09-26 17:11:31,633 user_authentication.views INFO     Serializer Data : {'refresh': 'eyJhbGciOiJIUzI1NiIsInR5cCI6IkpXVCJ9.eyJ0b2tlbl90eXBlIjoicmVmcmVzaCIsImV4cCI6MTcyNzM1MTAxMSwiaWF0IjoxNzI3MzUwODkxLCJqdGkiOiJjNmYyZmRjYzZlYmU0NTY5ODc3NGE2OTc2OWYxMjFhYyIsInVzZXJfaWQiOjF9.RpPWK79rO8KEZ3p2_msYQwes_W8uhpEBpTPijh3-B2s', 'access': 'eyJhbGciOiJIUzI1NiIsInR5cCI6IkpXVCJ9.eyJ0b2tlbl90eXBlIjoiYWNjZXNzIiwiZXhwIjoxNzI3MzUxMTkxLCJpYXQiOjE3MjczNTA4OTEsImp0aSI6IjgxOWQ5ZjNiMDk5MTRkNjZhZTI1MjQyMTlhYjgwZDc0IiwidXNlcl9pZCI6MX0.N78svXWDqb4JogIPwJcyjjuzovkq083yo47QiOYvv48', 'username': 'john_doe', 'id': 1} 
2024-09-26 17:11:31,706 user_authentication.views INFO     User Details Data : {'user_details_id': 1, 'username': 'john_doe', 'user_full_name': 'John Doe', 'first_name': 'John', 'last_name': 'Doe', 'email': 'john.doe@example.com', 'created_by': None, 'created_on': '2024-09-26T08:40:01.776040Z', 'updated_by': None, 'updated_on': '2024-09-26T08:40:01.776040Z', 'phone': '1234567890', 'user': 1}
2024-09-26 17:17:06,061 user_authentication.views INFO     User : john_doe
2024-09-26 17:17:06,062 user_authentication.views INFO     Valid User
2024-09-26 17:17:07,106 user_authentication.views INFO     Serializer Data : {'refresh': 'eyJhbGciOiJIUzI1NiIsInR5cCI6IkpXVCJ9.eyJ0b2tlbl90eXBlIjoicmVmcmVzaCIsImV4cCI6MTcyNzM1MTM0NywiaWF0IjoxNzI3MzUxMjI3LCJqdGkiOiI0MWY3YzAzYjFiNDY0OTg3OTJhMjVjMWU4MzdmYzhmZCIsInVzZXJfaWQiOjF9.2lzl7XVTLo3G5CBsZWUunu0Jo21ZKMJijEkp8WgnWYU', 'access': 'eyJhbGciOiJIUzI1NiIsInR5cCI6IkpXVCJ9.eyJ0b2tlbl90eXBlIjoiYWNjZXNzIiwiZXhwIjoxNzI3MzUxNTI3LCJpYXQiOjE3MjczNTEyMjcsImp0aSI6IjliN2QwYTc1MTkzZjQwMmU4ZWZiNGQ0ZTM2ZThlMDY3IiwidXNlcl9pZCI6MX0.PwSP6HB7uX34geN4aDeZLoxltirQdUeoc9yv1mBksNA', 'username': 'john_doe', 'id': 1} 
2024-09-26 17:17:07,113 user_authentication.views INFO     User Details Data : {'user_details_id': 1, 'username': 'john_doe', 'user_full_name': 'John Doe', 'first_name': 'John', 'last_name': 'Doe', 'email': 'john.doe@example.com', 'created_by': None, 'created_on': '2024-09-26T08:40:01.776040Z', 'updated_by': None, 'updated_on': '2024-09-26T08:40:01.776040Z', 'phone': '1234567890', 'user': 1}
2024-09-26 17:22:58,334 user_authentication.views INFO     User : john_doe
2024-09-26 17:22:58,335 user_authentication.views INFO     Valid User
2024-09-26 17:22:59,417 user_authentication.views INFO     Serializer Data : {'refresh': 'eyJhbGciOiJIUzI1NiIsInR5cCI6IkpXVCJ9.eyJ0b2tlbl90eXBlIjoicmVmcmVzaCIsImV4cCI6MTcyNzM1MTY5OSwiaWF0IjoxNzI3MzUxNTc5LCJqdGkiOiI5MjhmY2Y4ZjM5ODQ0NWI3YTFiMTY5MWYwMzJhNGRhOCIsInVzZXJfaWQiOjF9.6F6d5ZOTfgXQEEQi5Hmq9VxkqPAG2iQplqZq8ugVlzU', 'access': 'eyJhbGciOiJIUzI1NiIsInR5cCI6IkpXVCJ9.eyJ0b2tlbl90eXBlIjoiYWNjZXNzIiwiZXhwIjoxNzI3MzUxODc5LCJpYXQiOjE3MjczNTE1NzksImp0aSI6ImE1NzRkMWMyYWYxYTQ4OGU5Yjk5YzE4ZjJjOGFhNzgzIiwidXNlcl9pZCI6MX0.hGWxH9K8SoyB7vkHvyGAvJLr925X91yMI8sjUvsoZ7A', 'username': 'john_doe', 'id': 1} 
2024-09-26 17:22:59,432 user_authentication.views INFO     User Details Data : {'user_details_id': 1, 'username': 'john_doe', 'user_full_name': 'John Doe', 'first_name': 'John', 'last_name': 'Doe', 'email': 'john.doe@example.com', 'created_by': None, 'created_on': '2024-09-26T08:40:01.776040Z', 'updated_by': None, 'updated_on': '2024-09-26T08:40:01.776040Z', 'phone': '1234567890', 'user': 1}
2024-09-26 17:36:39,159 user_authentication.views INFO     User : john_doe
2024-09-26 17:36:39,255 user_authentication.views INFO     Valid User
2024-09-26 17:36:40,577 user_authentication.views INFO     Serializer Data : {'refresh': 'eyJhbGciOiJIUzI1NiIsInR5cCI6IkpXVCJ9.eyJ0b2tlbl90eXBlIjoicmVmcmVzaCIsImV4cCI6MTcyNzM1MjUyMCwiaWF0IjoxNzI3MzUyNDAwLCJqdGkiOiI0MWZhMzMyMTQzNDk0MzJiYjVhM2E4MWQ5MDM3MjhhMyIsInVzZXJfaWQiOjF9.PbAQamFFhMrKG8XuIRgnbFNW2RWzebysDBPaRquE6yY', 'access': 'eyJhbGciOiJIUzI1NiIsInR5cCI6IkpXVCJ9.eyJ0b2tlbl90eXBlIjoiYWNjZXNzIiwiZXhwIjoxNzI3MzUyNzAwLCJpYXQiOjE3MjczNTI0MDAsImp0aSI6IjgyN2Y4YTAwNGQ2OTQ0MGNiYzFlZWNjMGRhNmNjYzVlIiwidXNlcl9pZCI6MX0.zDC-XrIepY7UEUBPTB5M1gSkP3EoqGZBl6TdPFo6GgU', 'username': 'john_doe', 'id': 1} 
2024-09-26 17:36:40,654 user_authentication.views INFO     User Details Data : {'user_details_id': 1, 'username': 'john_doe', 'user_full_name': 'John Doe', 'first_name': 'John', 'last_name': 'Doe', 'email': 'john.doe@example.com', 'created_by': None, 'created_on': '2024-09-26T08:40:01.776040Z', 'updated_by': None, 'updated_on': '2024-09-26T08:40:01.776040Z', 'phone': '1234567890', 'user': 1}
2024-09-26 17:43:13,221 user_authentication.views INFO     User : john_doe
2024-09-26 17:43:13,228 user_authentication.views INFO     Valid User
2024-09-26 17:43:14,552 user_authentication.views INFO     Serializer Data : {'refresh': 'eyJhbGciOiJIUzI1NiIsInR5cCI6IkpXVCJ9.eyJ0b2tlbl90eXBlIjoicmVmcmVzaCIsImV4cCI6MTcyNzM1MjkxNCwiaWF0IjoxNzI3MzUyNzk0LCJqdGkiOiI5NzZlYTNiYTQ0NGI0MGE1OGUzYTBlYTM3NjA2NzIxMiIsInVzZXJfaWQiOjF9.K0hHto9hx7hKITzrRmx8bhK8d0zuR0tRDylq6HdVBWM', 'access': 'eyJhbGciOiJIUzI1NiIsInR5cCI6IkpXVCJ9.eyJ0b2tlbl90eXBlIjoiYWNjZXNzIiwiZXhwIjoxNzI3MzUzMDk0LCJpYXQiOjE3MjczNTI3OTQsImp0aSI6IjQ0ODIwY2U3YjY2YTRhZThiMjk4ZmY2NGNjYzc3NDU0IiwidXNlcl9pZCI6MX0.ZwLUvho1ATDI9GKQJzvqFYFC08z-odVcKQplvTcvtkM', 'username': 'john_doe', 'id': 1} 
2024-09-26 17:43:14,574 user_authentication.views INFO     User Details Data : {'user_details_id': 1, 'username': 'john_doe', 'user_full_name': 'John Doe', 'first_name': 'John', 'last_name': 'Doe', 'email': 'john.doe@example.com', 'created_by': None, 'created_on': '2024-09-26T08:40:01.776040Z', 'updated_by': None, 'updated_on': '2024-09-26T08:40:01.776040Z', 'phone': '1234567890', 'user': 1}
2024-09-26 17:49:37,655 user_authentication.views INFO     User : john_doe
2024-09-26 17:49:37,656 user_authentication.views INFO     Valid User
2024-09-26 17:49:38,835 user_authentication.views INFO     Serializer Data : {'refresh': 'eyJhbGciOiJIUzI1NiIsInR5cCI6IkpXVCJ9.eyJ0b2tlbl90eXBlIjoicmVmcmVzaCIsImV4cCI6MTcyNzM1MzI5OCwiaWF0IjoxNzI3MzUzMTc4LCJqdGkiOiI0N2E5ZGQzNjVlMDU0M2U5OWNkOTcwZWZhZWU1NmQ3NiIsInVzZXJfaWQiOjF9.DsyqZfpGRTsWyAiyYvGWHxzlyLiZ_MZL2iWWAgVG2GI', 'access': 'eyJhbGciOiJIUzI1NiIsInR5cCI6IkpXVCJ9.eyJ0b2tlbl90eXBlIjoiYWNjZXNzIiwiZXhwIjoxNzI3MzUzNDc4LCJpYXQiOjE3MjczNTMxNzgsImp0aSI6ImIzNGY1ZWFkNDU2ZDQ3YmFhMDllYWI4ZGNmMGMwOWMxIiwidXNlcl9pZCI6MX0._Ml69b5n8kQeQoRhiTCCxBLmK0Rg73l4A2F-2hKJ0cs', 'username': 'john_doe', 'id': 1} 
2024-09-26 17:49:38,849 user_authentication.views INFO     User Details Data : {'user_details_id': 1, 'username': 'john_doe', 'user_full_name': 'John Doe', 'first_name': 'John', 'last_name': 'Doe', 'email': 'john.doe@example.com', 'created_by': None, 'created_on': '2024-09-26T08:40:01.776040Z', 'updated_by': None, 'updated_on': '2024-09-26T08:40:01.776040Z', 'phone': '1234567890', 'user': 1}
2024-09-26 18:01:18,965 user_authentication.views INFO     User : john_doe
2024-09-26 18:01:19,063 user_authentication.views INFO     Valid User
2024-09-26 18:01:20,576 user_authentication.views INFO     Serializer Data : {'refresh': 'eyJhbGciOiJIUzI1NiIsInR5cCI6IkpXVCJ9.eyJ0b2tlbl90eXBlIjoicmVmcmVzaCIsImV4cCI6MTcyNzM1NDAwMCwiaWF0IjoxNzI3MzUzODgwLCJqdGkiOiJlNDYyM2E2YjM3ZGM0YjUzOThlN2Y3NWVjMWUyNzExYiIsInVzZXJfaWQiOjF9.izzdJyxoGTrTZ2G8Y2ZOJcf8q7EFsT1wojOLU7ZSATs', 'access': 'eyJhbGciOiJIUzI1NiIsInR5cCI6IkpXVCJ9.eyJ0b2tlbl90eXBlIjoiYWNjZXNzIiwiZXhwIjoxNzI3MzU0MTgwLCJpYXQiOjE3MjczNTM4ODAsImp0aSI6IjNlY2I0MmQyMTcwNzQ2YmVhMjgzMDY5N2VlOGZlY2M2IiwidXNlcl9pZCI6MX0.TrBvat46Uc7crdKMxOyYdCWjuAB90A2WPLfpmxel0-k', 'username': 'john_doe', 'id': 1} 
2024-09-26 18:01:20,591 user_authentication.views INFO     User Details Data : {'user_details_id': 1, 'username': 'john_doe', 'user_full_name': 'John Doe', 'first_name': 'John', 'last_name': 'Doe', 'email': 'john.doe@example.com', 'created_by': None, 'created_on': '2024-09-26T08:40:01.776040Z', 'updated_by': None, 'updated_on': '2024-09-26T08:40:01.776040Z', 'phone': '1234567890', 'user': 1}
2024-09-26 18:15:30,042 user_authentication.views INFO     User : john_doe
2024-09-26 18:15:30,051 user_authentication.views INFO     Valid User
2024-09-26 18:15:31,423 user_authentication.views INFO     Serializer Data : {'refresh': 'eyJhbGciOiJIUzI1NiIsInR5cCI6IkpXVCJ9.eyJ0b2tlbl90eXBlIjoicmVmcmVzaCIsImV4cCI6MTcyNzM1NDg1MSwiaWF0IjoxNzI3MzU0NzMxLCJqdGkiOiJiNzAzNTRiMTBiYzM0MzVmOGIzZGU0YWRhZWQ3YWQxYSIsInVzZXJfaWQiOjF9.c2AL8hZu0QLfvYipV9qvjSyUdaifuHmPx0F79xICV34', 'access': 'eyJhbGciOiJIUzI1NiIsInR5cCI6IkpXVCJ9.eyJ0b2tlbl90eXBlIjoiYWNjZXNzIiwiZXhwIjoxNzI3MzU1MDMxLCJpYXQiOjE3MjczNTQ3MzEsImp0aSI6ImQ4ZDRkYTkyMDA3MzRiNGM5M2JjYzEwZjdlYWYzYWQ4IiwidXNlcl9pZCI6MX0.3C1C33_saqxrd_EB1WyTpoV0b4mnjmpaaX3rycve5Ho', 'username': 'john_doe', 'id': 1} 
2024-09-26 18:15:31,531 user_authentication.views INFO     User Details Data : {'user_details_id': 1, 'username': 'john_doe', 'user_full_name': 'John Doe', 'first_name': 'John', 'last_name': 'Doe', 'email': 'john.doe@example.com', 'created_by': None, 'created_on': '2024-09-26T08:40:01.776040Z', 'updated_by': None, 'updated_on': '2024-09-26T08:40:01.776040Z', 'phone': '1234567890', 'user': 1}
2024-09-26 18:24:23,591 user_authentication.views INFO     User : john_doe
2024-09-26 18:24:23,592 user_authentication.views INFO     Valid User
2024-09-26 18:24:25,723 user_authentication.views INFO     Serializer Data : {'refresh': 'eyJhbGciOiJIUzI1NiIsInR5cCI6IkpXVCJ9.eyJ0b2tlbl90eXBlIjoicmVmcmVzaCIsImV4cCI6MTcyNzM1NTM4NSwiaWF0IjoxNzI3MzU1MjY1LCJqdGkiOiI0NzBiZmE5ZmRhNTA0YjFkYjI0ZjMzYTY5OGNhNjdlOCIsInVzZXJfaWQiOjF9.gnYynHAQ58W118xtBq-YEXQH3G4U0j-S1q0UlwXUq4k', 'access': 'eyJhbGciOiJIUzI1NiIsInR5cCI6IkpXVCJ9.eyJ0b2tlbl90eXBlIjoiYWNjZXNzIiwiZXhwIjoxNzI3MzU1NTY1LCJpYXQiOjE3MjczNTUyNjUsImp0aSI6IjdlYTg4MTlkMGRiNDRlOTM5MTM2NjMxZDFhNTNjODA1IiwidXNlcl9pZCI6MX0.PyqZWL5gzsorlU-aSMiMR_2hlqMQhGDnsOXE1Jw-JMA', 'username': 'john_doe', 'id': 1} 
2024-09-26 18:24:25,751 user_authentication.views INFO     User Details Data : {'user_details_id': 1, 'username': 'john_doe', 'user_full_name': 'John Doe', 'first_name': 'John', 'last_name': 'Doe', 'email': 'john.doe@example.com', 'created_by': None, 'created_on': '2024-09-26T08:40:01.776040Z', 'updated_by': None, 'updated_on': '2024-09-26T08:40:01.776040Z', 'phone': '1234567890', 'user': 1}
2024-09-26 18:30:15,559 user_authentication.views INFO     User : john_doe
2024-09-26 18:30:15,563 user_authentication.views INFO     Valid User
2024-09-26 18:30:17,132 user_authentication.views INFO     Serializer Data : {'refresh': 'eyJhbGciOiJIUzI1NiIsInR5cCI6IkpXVCJ9.eyJ0b2tlbl90eXBlIjoicmVmcmVzaCIsImV4cCI6MTcyNzM1NTczNywiaWF0IjoxNzI3MzU1NjE3LCJqdGkiOiJhYzhhODc5MmE4MjQ0MTEwOTNiYWE5ZmFjMzI0NWFhNyIsInVzZXJfaWQiOjF9.yPBsrtGpehgnwh_N7ezrFQHov0Qaojc5X2wdCNwTVk0', 'access': 'eyJhbGciOiJIUzI1NiIsInR5cCI6IkpXVCJ9.eyJ0b2tlbl90eXBlIjoiYWNjZXNzIiwiZXhwIjoxNzI3MzU1OTE3LCJpYXQiOjE3MjczNTU2MTcsImp0aSI6IjNlOGEwZjcyNTViZTQ0MDdiMzA2MTMyMjM0NWJmZThiIiwidXNlcl9pZCI6MX0.a4QUietAu8oJ6KsDWbwBYs3LbIAf5hEH2pETczFUf5E', 'username': 'john_doe', 'id': 1} 
2024-09-26 18:30:17,148 user_authentication.views INFO     User Details Data : {'user_details_id': 1, 'username': 'john_doe', 'user_full_name': 'John Doe', 'first_name': 'John', 'last_name': 'Doe', 'email': 'john.doe@example.com', 'created_by': None, 'created_on': '2024-09-26T08:40:01.776040Z', 'updated_by': None, 'updated_on': '2024-09-26T08:40:01.776040Z', 'phone': '1234567890', 'user': 1}
2024-09-26 18:36:02,448 user_authentication.views INFO     User : john_doe
2024-09-26 18:36:02,448 user_authentication.views INFO     Valid User
2024-09-26 18:36:03,718 user_authentication.views INFO     Serializer Data : {'refresh': 'eyJhbGciOiJIUzI1NiIsInR5cCI6IkpXVCJ9.eyJ0b2tlbl90eXBlIjoicmVmcmVzaCIsImV4cCI6MTcyNzM1NjU2MywiaWF0IjoxNzI3MzU1OTYzLCJqdGkiOiI3ZmVkODUzMzM5ZWE0OGI3OTMyYmIzNGIwYTJmOGJmNiIsInVzZXJfaWQiOjF9.BtmRFHqXESD8_v-JURwu5-oxYL-U0BROUkHwUo2wDy8', 'access': 'eyJhbGciOiJIUzI1NiIsInR5cCI6IkpXVCJ9.eyJ0b2tlbl90eXBlIjoiYWNjZXNzIiwiZXhwIjoxNzI3MzU4OTYzLCJpYXQiOjE3MjczNTU5NjMsImp0aSI6IjgzMTZhMjNiZGZhOTQ0YzJhMmM2ZDhlYjk2OTdhNDU1IiwidXNlcl9pZCI6MX0.K07N3A9CzxJLS5ZXvwvKOi3igCQFkRCOr8D24KJgiDE', 'username': 'john_doe', 'id': 1} 
2024-09-26 18:36:03,733 user_authentication.views INFO     User Details Data : {'user_details_id': 1, 'username': 'john_doe', 'user_full_name': 'John Doe', 'first_name': 'John', 'last_name': 'Doe', 'email': 'john.doe@example.com', 'created_by': None, 'created_on': '2024-09-26T08:40:01.776040Z', 'updated_by': None, 'updated_on': '2024-09-26T08:40:01.776040Z', 'phone': '1234567890', 'user': 1}
2024-09-26 19:27:49,085 user_authentication.views INFO     User : john_doe
2024-09-26 19:27:49,184 user_authentication.views INFO     Valid User
2024-09-26 19:27:50,320 user_authentication.views INFO     Serializer Data : {'refresh': 'eyJhbGciOiJIUzI1NiIsInR5cCI6IkpXVCJ9.eyJ0b2tlbl90eXBlIjoicmVmcmVzaCIsImV4cCI6MTcyNzM1OTY3MCwiaWF0IjoxNzI3MzU5MDcwLCJqdGkiOiIzZGM1MDM1YzUwOTU0M2YzODExOTYwYmJhOTI1MjVhMyIsInVzZXJfaWQiOjF9.fWTjr9b4ImUQwv6xjgvBeqin_Jk3jV1HrqBjIwm6wko', 'access': 'eyJhbGciOiJIUzI1NiIsInR5cCI6IkpXVCJ9.eyJ0b2tlbl90eXBlIjoiYWNjZXNzIiwiZXhwIjoxNzI3MzYyMDcwLCJpYXQiOjE3MjczNTkwNzAsImp0aSI6IjEyMzJlMWY1NmFhNDRkMzRhNzJjNmQwNjA1MzhiOGE0IiwidXNlcl9pZCI6MX0.QnURD3PbQkt21yoCk07phOoruwuRoZPYcHoB68XIJZk', 'username': 'john_doe', 'id': 1} 
2024-09-26 19:27:50,336 user_authentication.views INFO     User Details Data : {'user_details_id': 1, 'username': 'john_doe', 'user_full_name': 'John Doe', 'first_name': 'John', 'last_name': 'Doe', 'email': 'john.doe@example.com', 'created_by': None, 'created_on': '2024-09-26T08:40:01.776040Z', 'updated_by': None, 'updated_on': '2024-09-26T08:40:01.776040Z', 'phone': '1234567890', 'user': 1}
2024-09-26 19:52:13,091 user_authentication.views INFO     User : john_doe
2024-09-26 19:52:13,194 user_authentication.views INFO     Valid User
2024-09-26 19:52:14,277 user_authentication.views INFO     Serializer Data : {'refresh': 'eyJhbGciOiJIUzI1NiIsInR5cCI6IkpXVCJ9.eyJ0b2tlbl90eXBlIjoicmVmcmVzaCIsImV4cCI6MTcyNzM2MTEzNCwiaWF0IjoxNzI3MzYwNTM0LCJqdGkiOiJkOTg2NjVlYWM2ODY0MTZmOTMyYWY5OTE2MTVhMWM5NyIsInVzZXJfaWQiOjF9.1Hb0hkSLEpgA6B30tw77T6bOO-elvGGfXeH3VsUfzYw', 'access': 'eyJhbGciOiJIUzI1NiIsInR5cCI6IkpXVCJ9.eyJ0b2tlbl90eXBlIjoiYWNjZXNzIiwiZXhwIjoxNzI3MzYzNTM0LCJpYXQiOjE3MjczNjA1MzQsImp0aSI6IjQyMWQyYzgyNDIxYjQ4YTA4YmY5NDI3NzJjODE2YTc3IiwidXNlcl9pZCI6MX0.rHjsZAhqQb5OWZx18qi5k3aIwlC4X_SMli7UdqBJQkw', 'username': 'john_doe', 'id': 1} 
2024-09-26 19:52:14,288 user_authentication.views INFO     User Details Data : {'user_details_id': 1, 'username': 'john_doe', 'user_full_name': 'John Doe', 'first_name': 'John', 'last_name': 'Doe', 'email': 'john.doe@example.com', 'created_by': None, 'created_on': '2024-09-26T08:40:01.776040Z', 'updated_by': None, 'updated_on': '2024-09-26T08:40:01.776040Z', 'phone': '1234567890', 'user': 1}
2024-09-26 22:53:33,016 user_authentication.views INFO     User : john_doe
2024-09-26 22:53:33,084 user_authentication.views INFO     Valid User
2024-09-26 22:53:34,898 user_authentication.views INFO     Serializer Data : {'refresh': 'eyJhbGciOiJIUzI1NiIsInR5cCI6IkpXVCJ9.eyJ0b2tlbl90eXBlIjoicmVmcmVzaCIsImV4cCI6MTcyNzM3MjAxNCwiaWF0IjoxNzI3MzcxNDE0LCJqdGkiOiJlMTE4NTY4ZmI2ZDI0NDEzYmI4ZjkwMDAwMDIxYTMxYiIsInVzZXJfaWQiOjF9.m1qdCr9qFKgl44B9XY8TXID_2v8QnCIEKXoVm4MTj94', 'access': 'eyJhbGciOiJIUzI1NiIsInR5cCI6IkpXVCJ9.eyJ0b2tlbl90eXBlIjoiYWNjZXNzIiwiZXhwIjoxNzI3Mzc0NDE0LCJpYXQiOjE3MjczNzE0MTQsImp0aSI6IjMyZjJjODAzODdmODQ2NDRiZjcwYWM1ZTM3YmRmZTdiIiwidXNlcl9pZCI6MX0.BaM9cT_migyI8krfnRzo5Rz0OJM6x4JcL9HRkaFF45o', 'username': 'john_doe', 'id': 1} 
2024-09-26 22:54:40,795 user_authentication.views INFO     User : john_doe
2024-09-26 22:54:40,796 user_authentication.views INFO     Valid User
2024-09-26 22:54:42,094 user_authentication.views INFO     Serializer Data : {'refresh': 'eyJhbGciOiJIUzI1NiIsInR5cCI6IkpXVCJ9.eyJ0b2tlbl90eXBlIjoicmVmcmVzaCIsImV4cCI6MTcyNzM3MjA4MiwiaWF0IjoxNzI3MzcxNDgyLCJqdGkiOiJlNzA1ODA0ZmE1ZWE0NjJmOGQxMzcwYzhiMmVjMzY2ZSIsInVzZXJfaWQiOjF9.PMG7rH_5ANozBtPIa7bDGVqSfgR4xf-3ldOgnMZoKuE', 'access': 'eyJhbGciOiJIUzI1NiIsInR5cCI6IkpXVCJ9.eyJ0b2tlbl90eXBlIjoiYWNjZXNzIiwiZXhwIjoxNzI3Mzc0NDgyLCJpYXQiOjE3MjczNzE0ODIsImp0aSI6IjE0YzcwODE0OWFhNDRjODc5NjQzZDEzMDNhYzk3Njk1IiwidXNlcl9pZCI6MX0.IOibzsa6dlCxXAJj6BjC6l4gCmGKjYf9rdDx1flNR7o', 'username': 'john_doe', 'id': 1} 
