2024-09-26 21:35:23,298 inventory.tests WARNING  /inventory/items/
2024-09-26 21:35:23,302 inventory.views INFO      The request data is => {'name': 'New Item', 'description': 'New Desc'} 
2024-09-26 21:35:23,336 inventory.tests INFO     {'id': 2, 'created_by': None, 'created_on': '2024-09-26T16:05:23.309070Z', 'updated_by': None, 'updated_on': '2024-09-26T16:05:23.309070Z', 'name': 'New Item', 'description': 'New Desc'}
2024-09-26 21:38:17,972 inventory.tests WARNING  /inventory/items/
2024-09-26 21:38:17,976 inventory.views INFO      The request data is => {'name': 'New Item', 'description': 'New Desc'} 
2024-09-26 21:38:18,002 inventory.tests INFO     {'id': 2, 'created_by': None, 'created_on': '2024-09-26T16:08:17.982308Z', 'updated_by': None, 'updated_on': '2024-09-26T16:08:17.982308Z', 'name': 'New Item', 'description': 'New Desc'}
2024-09-26 21:39:42,284 inventory.views INFO      The request data is => {'name': 'Test Item', 'description': 'Test Desc'} 
2024-09-26 21:39:44,411 inventory.tests WARNING  /inventory/items/
2024-09-26 21:39:44,417 inventory.views INFO      The request data is => {'name': 'New Item', 'description': 'New Desc'} 
2024-09-26 21:39:44,447 inventory.tests INFO     {'id': 3, 'created_by': None, 'created_on': '2024-09-26T16:09:44.426487Z', 'updated_by': None, 'updated_on': '2024-09-26T16:09:44.426487Z', 'name': 'New Item', 'description': 'New Desc'}
2024-09-26 21:39:47,014 inventory.views INFO     Deleting item with ID 999
2024-09-26 21:39:47,016 inventory.views ERROR    Item with ID 999 not found.
2024-09-26 21:39:49,150 inventory.views INFO     Deleting item with ID 5
2024-09-26 21:39:49,152 inventory.views INFO     Item with ID 5 deleted successfully.
2024-09-26 21:39:51,596 inventory.views INFO     Cache key is item_999
2024-09-26 21:39:51,600 inventory.views INFO     The ID is 999
2024-09-26 21:39:51,602 inventory.views ERROR    Item with ID 999 not found.
2024-09-26 21:39:53,798 inventory.views INFO     Cache key is item_7
2024-09-26 21:39:53,804 inventory.views INFO     The ID is 7
2024-09-26 21:39:53,806 inventory.views INFO     Item found: Test Item
2024-09-26 21:39:53,811 inventory.views INFO     Serialized item data: {'id': 7, 'created_by': None, 'created_on': '2024-09-26T16:09:53.794406Z', 'updated_by': None, 'updated_on': '2024-09-26T16:09:53.794406Z', 'name': 'Test Item', 'description': 'Test Desc'}
2024-09-26 21:39:56,740 inventory.views INFO     Updating item with ID 999
2024-09-26 21:39:56,742 inventory.views ERROR    Item with ID 999 not found.
2024-09-26 21:39:59,563 inventory.views INFO     Updating item with ID 9
2024-09-26 21:39:59,578 inventory.views INFO     Item updated successfully: {'id': 9, 'created_by': None, 'created_on': '2024-09-26T16:09:59.556850Z', 'updated_by': None, 'updated_on': '2024-09-26T16:09:59.572722Z', 'name': 'Updated Item', 'description': 'Updated Desc'}
2024-09-26 21:41:35,898 inventory.views INFO      The request data is => {'name': 'Test Item', 'description': 'Test Desc'} 
2024-09-26 21:41:39,363 inventory.tests WARNING  /inventory/items/
2024-09-26 21:41:39,367 inventory.views INFO      The request data is => {'name': 'New Item', 'description': 'New Desc'} 
2024-09-26 21:41:39,408 inventory.tests INFO     {'id': 3, 'created_by': None, 'created_on': '2024-09-26T16:11:39.373736Z', 'updated_by': None, 'updated_on': '2024-09-26T16:11:39.373736Z', 'name': 'New Item', 'description': 'New Desc'}
2024-09-26 21:41:43,158 inventory.views INFO     Deleting item with ID 999
2024-09-26 21:41:43,160 inventory.views ERROR    Item with ID 999 not found.
2024-09-26 21:41:45,817 inventory.tests WARNING  /inventory/items/5/
2024-09-26 21:41:45,820 inventory.views INFO     Deleting item with ID 5
2024-09-26 21:41:45,824 inventory.views INFO     Item with ID 5 deleted successfully.
2024-09-26 21:41:45,829 inventory.tests WARNING  <Response status_code=200, "application/json">
2024-09-26 21:41:48,405 inventory.views INFO     Cache key is item_999
2024-09-26 21:41:48,407 inventory.views INFO     The ID is 999
2024-09-26 21:41:48,410 inventory.views ERROR    Item with ID 999 not found.
2024-09-26 21:41:50,786 inventory.views INFO     Cache key is item_7
2024-09-26 21:41:50,793 inventory.views INFO     Returning cached item for ID 7
2024-09-26 21:41:53,209 inventory.views INFO     Updating item with ID 999
2024-09-26 21:41:53,210 inventory.views ERROR    Item with ID 999 not found.
2024-09-26 21:41:56,052 inventory.views INFO     Updating item with ID 9
2024-09-26 21:41:56,063 inventory.views INFO     Item updated successfully: {'id': 9, 'created_by': None, 'created_on': '2024-09-26T16:11:56.048963Z', 'updated_by': None, 'updated_on': '2024-09-26T16:11:56.058668Z', 'name': 'Updated Item', 'description': 'Updated Desc'}
2024-09-26 21:43:27,201 inventory.views INFO      The request data is => {'name': 'Test Item', 'description': 'Test Desc'} 
2024-09-26 21:43:29,399 inventory.tests WARNING  /inventory/items/
2024-09-26 21:43:29,405 inventory.views INFO      The request data is => {'name': 'New Item', 'description': 'New Desc'} 
2024-09-26 21:43:29,478 inventory.tests INFO     {'id': 3, 'created_by': None, 'created_on': '2024-09-26T16:13:29.409319Z', 'updated_by': None, 'updated_on': '2024-09-26T16:13:29.409319Z', 'name': 'New Item', 'description': 'New Desc'}
2024-09-26 21:43:32,063 inventory.views INFO     Deleting item with ID 999
2024-09-26 21:43:32,065 inventory.views ERROR    Item with ID 999 not found.
2024-09-26 21:43:34,277 inventory.tests WARNING  /inventory/items/5/
2024-09-26 21:43:34,279 inventory.views INFO     Deleting item with ID 5
2024-09-26 21:43:34,282 inventory.views INFO     Item with ID 5 deleted successfully.
2024-09-26 21:43:34,286 inventory.tests WARNING  <Response status_code=200, "application/json">
2024-09-26 21:43:36,683 inventory.views INFO     Cache key is item_999
2024-09-26 21:43:36,688 inventory.views INFO     The ID is 999
2024-09-26 21:43:36,690 inventory.views ERROR    Item with ID 999 not found.
2024-09-26 21:43:38,755 inventory.views INFO     Cache key is item_7
2024-09-26 21:43:38,758 inventory.views INFO     Returning cached item for ID 7
2024-09-26 21:43:40,902 inventory.views INFO     Updating item with ID 999
2024-09-26 21:43:40,904 inventory.views ERROR    Item with ID 999 not found.
2024-09-26 21:43:43,351 inventory.views INFO     Updating item with ID 9
2024-09-26 21:43:43,360 inventory.views INFO     Item updated successfully: {'id': 9, 'created_by': None, 'created_on': '2024-09-26T16:13:43.349659Z', 'updated_by': None, 'updated_on': '2024-09-26T16:13:43.355656Z', 'name': 'Updated Item', 'description': 'Updated Desc'}
